{"C:\\Users\\Juan\\Desktop\\nazzynails\\Back\\src\\index.js": {"path":"C:\\Users\\Juan\\Desktop\\nazzynails\\Back\\src\\index.js","statementMap":{"0":{"start":{"line":1,"column":16},"end":{"line":1,"column":34}},"1":{"start":{"line":2,"column":13},"end":{"line":2,"column":28}},"2":{"start":{"line":3,"column":12},"end":{"line":3,"column":21}},"3":{"start":{"line":5,"column":13},"end":{"line":5,"column":37}},"4":{"start":{"line":7,"column":0},"end":{"line":7,"column":23}},"5":{"start":{"line":8,"column":0},"end":{"line":8,"column":47}},"6":{"start":{"line":9,"column":0},"end":{"line":9,"column":15}},"7":{"start":{"line":12,"column":15},"end":{"line":16,"column":1}},"8":{"start":{"line":19,"column":0},"end":{"line":19,"column":58}},"9":{"start":{"line":19,"column":32},"end":{"line":19,"column":56}},"10":{"start":{"line":20,"column":15},"end":{"line":22,"column":13}},"11":{"start":{"line":24,"column":0},"end":{"line":24,"column":23}}},"fnMap":{"0":{"name":"(anonymous_0)","decl":{"start":{"line":19,"column":27},"end":{"line":19,"column":28}},"loc":{"start":{"line":19,"column":32},"end":{"line":19,"column":56}},"line":19},"1":{"name":"(anonymous_1)","decl":{"start":{"line":22,"column":4},"end":{"line":22,"column":5}},"loc":{"start":{"line":22,"column":10},"end":{"line":22,"column":12}},"line":22}},"branchMap":{"0":{"loc":{"start":{"line":5,"column":13},"end":{"line":5,"column":37}},"type":"binary-expr","locations":[{"start":{"line":5,"column":13},"end":{"line":5,"column":29}},{"start":{"line":5,"column":33},"end":{"line":5,"column":37}}],"line":5}},"s":{"0":2,"1":2,"2":2,"3":2,"4":2,"5":2,"6":2,"7":2,"8":2,"9":6,"10":2,"11":2},"f":{"0":6,"1":2},"b":{"0":[2,2]},"_coverageSchema":"1a1c01bbd47fc00a2c39e90264f33305004495a9","hash":"dbf2d71234ae1409364799ebef396bf3ffd919b6"}
,"C:\\Users\\Juan\\Desktop\\nazzynails\\Back\\src\\routes\\cita.js": {"path":"C:\\Users\\Juan\\Desktop\\nazzynails\\Back\\src\\routes\\cita.js","statementMap":{"0":{"start":{"line":1,"column":15},"end":{"line":1,"column":42}},"1":{"start":{"line":2,"column":13},"end":{"line":2,"column":19}},"2":{"start":{"line":4,"column":0},"end":{"line":4,"column":77}},"3":{"start":{"line":4,"column":38},"end":{"line":4,"column":76}},"4":{"start":{"line":5,"column":0},"end":{"line":5,"column":83}},"5":{"start":{"line":5,"column":44},"end":{"line":5,"column":82}},"6":{"start":{"line":7,"column":0},"end":{"line":7,"column":23}}},"fnMap":{"0":{"name":"(anonymous_0)","decl":{"start":{"line":4,"column":24},"end":{"line":4,"column":25}},"loc":{"start":{"line":4,"column":38},"end":{"line":4,"column":76}},"line":4},"1":{"name":"(anonymous_1)","decl":{"start":{"line":5,"column":30},"end":{"line":5,"column":31}},"loc":{"start":{"line":5,"column":44},"end":{"line":5,"column":82}},"line":5}},"branchMap":{},"s":{"0":2,"1":2,"2":2,"3":0,"4":2,"5":0,"6":2},"f":{"0":0,"1":0},"b":{},"_coverageSchema":"1a1c01bbd47fc00a2c39e90264f33305004495a9","hash":"7282463bc7c0743fd66c31218174cd5abd61287b"}
,"C:\\Users\\Juan\\Desktop\\nazzynails\\Back\\src\\routes\\cliente.js": {"path":"C:\\Users\\Juan\\Desktop\\nazzynails\\Back\\src\\routes\\cliente.js","statementMap":{"0":{"start":{"line":1,"column":15},"end":{"line":1,"column":42}},"1":{"start":{"line":2,"column":13},"end":{"line":2,"column":22}},"2":{"start":{"line":4,"column":0},"end":{"line":6,"column":2}},"3":{"start":{"line":5,"column":4},"end":{"line":5,"column":22}},"4":{"start":{"line":8,"column":0},"end":{"line":8,"column":23}}},"fnMap":{"0":{"name":"(anonymous_0)","decl":{"start":{"line":4,"column":25},"end":{"line":4,"column":26}},"loc":{"start":{"line":4,"column":39},"end":{"line":6,"column":1}},"line":4}},"branchMap":{},"s":{"0":2,"1":2,"2":2,"3":1,"4":2},"f":{"0":1},"b":{},"_coverageSchema":"1a1c01bbd47fc00a2c39e90264f33305004495a9","hash":"e661c20a94900564f60eab54ca3ccff4fd3f8d95"}
,"C:\\Users\\Juan\\Desktop\\nazzynails\\Back\\src\\routes\\usuario.js": {"path":"C:\\Users\\Juan\\Desktop\\nazzynails\\Back\\src\\routes\\usuario.js","statementMap":{"0":{"start":{"line":1,"column":15},"end":{"line":1,"column":42}},"1":{"start":{"line":2,"column":13},"end":{"line":2,"column":19}},"2":{"start":{"line":4,"column":0},"end":{"line":4,"column":80}},"3":{"start":{"line":4,"column":38},"end":{"line":4,"column":79}},"4":{"start":{"line":5,"column":0},"end":{"line":5,"column":86}},"5":{"start":{"line":5,"column":44},"end":{"line":5,"column":85}},"6":{"start":{"line":7,"column":0},"end":{"line":7,"column":23}}},"fnMap":{"0":{"name":"(anonymous_0)","decl":{"start":{"line":4,"column":24},"end":{"line":4,"column":25}},"loc":{"start":{"line":4,"column":38},"end":{"line":4,"column":79}},"line":4},"1":{"name":"(anonymous_1)","decl":{"start":{"line":5,"column":30},"end":{"line":5,"column":31}},"loc":{"start":{"line":5,"column":44},"end":{"line":5,"column":85}},"line":5}},"branchMap":{},"s":{"0":2,"1":2,"2":2,"3":1,"4":2,"5":0,"6":2},"f":{"0":1,"1":0},"b":{},"_coverageSchema":"1a1c01bbd47fc00a2c39e90264f33305004495a9","hash":"d7797c0bc6741f1b82a86032901a54b3949dd97d"}
}
